Build started 08/05/2017 17:16:18.
     1>Project "C:\Users\test\Documents\Visual Studio 2012\Projects\MLRun\MLRun\MLRun.vcxproj" on node 2 (Build target(s)).
     1>Link:
         C:\Program Files (x86)\Microsoft Visual Studio 11.0\VC\bin\x86_amd64\link.exe /ERRORREPORT:PROMPT /OUT:"C:\Users\test\Documents\Visual Studio 2012\Projects\MLRun\x64\Release\MLRun.exe" /INCREMENTAL:NO /NOLOGO /LIBPATH:C:\opencv\opencv\build\x64\vc12\lib /LIBPATH:C:\opencv\tesseract\lib opencv_world310d.lib liblept168.lib libtesseract302.lib kernel32.lib user32.lib gdi32.lib winspool.lib comdlg32.lib advapi32.lib shell32.lib ole32.lib oleaut32.lib uuid.lib odbc32.lib odbccp32.lib /MANIFEST /MANIFESTUAC:"level='asInvoker' uiAccess='false'" /manifest:embed /DEBUG /PDB:"C:\Users\test\Documents\Visual Studio 2012\Projects\MLRun\x64\Release\MLRun.pdb" /SUBSYSTEM:CONSOLE /OPT:REF /OPT:ICF /LTCG /TLBID:1 /DYNAMICBASE /NXCOMPAT /IMPLIB:"C:\Users\test\Documents\Visual Studio 2012\Projects\MLRun\x64\Release\MLRun.lib" /MACHINE:X64 x64\Release\ImageMatcher.obj
         x64\Release\MLRun.obj
         x64\Release\ObjectFinder.obj
     1>MLRun.obj : error LNK2001: unresolved external symbol "public: virtual __cdecl tesseract::TessBaseAPI::~TessBaseAPI(void)" (??1TessBaseAPI@tesseract@@UEAA@XZ)
     1>MLRun.obj : error LNK2001: unresolved external symbol "public: __cdecl tesseract::TessBaseAPI::TessBaseAPI(void)" (??0TessBaseAPI@tesseract@@QEAA@XZ)
     1>C:\Users\test\Documents\Visual Studio 2012\Projects\MLRun\x64\Release\MLRun.exe : fatal error LNK1120: 2 unresolved externals
     1>Done Building Project "C:\Users\test\Documents\Visual Studio 2012\Projects\MLRun\MLRun\MLRun.vcxproj" (Build target(s)) -- FAILED.

Build FAILED.

Time Elapsed 00:00:00.26
